2024-10-08 13:25:43,274 DEBUG    root            Loaded Command Group: ['gcloud', 'components']
2024-10-08 13:25:43,276 DEBUG    root            Loaded Command Group: ['gcloud', 'components', 'update']
2024-10-08 13:25:43,279 DEBUG    root            Running [gcloud.components.update] with arguments: [--quiet: "True", COMPONENT-IDS:8: "['gcloud', 'core', 'bq', 'gsutil', 'compute', 'preview', 'alpha', 'beta']"]
2024-10-08 13:25:43,280 INFO     ___FILE_ONLY___ Beginning update. This process may take several minutes.

2024-10-08 13:25:43,290 DEBUG    urllib3.connectionpool Starting new HTTPS connection (1): dl.google.com:443
2024-10-08 13:25:43,354 DEBUG    urllib3.connectionpool https://dl.google.com:443 "GET /dl/cloudsdk/channels/rapid/components-2.json HTTP/1.1" 200 227002
2024-10-08 13:25:43,371 WARNING  root            Component [compute] no longer exists.
2024-10-08 13:25:43,372 WARNING  root            Component [preview] no longer exists.
2024-10-08 13:25:43,372 INFO     ___FILE_ONLY___ 

2024-10-08 13:25:43,373 INFO     ___FILE_ONLY___ 
Your current Google Cloud CLI version is: 495.0.0

2024-10-08 13:25:43,373 INFO     ___FILE_ONLY___ Installing components from version: 495.0.0

2024-10-08 13:25:43,373 INFO     ___FILE_ONLY___ 

2024-10-08 13:25:43,373 DEBUG    root            Chosen display Format:table[box,title="These components will be removed."](details.display_name:label=Name:align=left,version.version_string:label=Version:align=right,data.size.size(zero="",min=1048576):label=Size:align=right)
2024-10-08 13:25:43,374 DEBUG    root            Chosen display Format:table[box,title="These components will be updated."](details.display_name:label=Name:align=left,version.version_string:label=Version:align=right,data.size.size(zero="",min=1048576):label=Size:align=right)
2024-10-08 13:25:43,375 DEBUG    root            Chosen display Format:table[box,title="These components will be installed."](details.display_name:label=Name:align=left,version.version_string:label=Version:align=right,data.size.size(zero="",min=1048576):label=Size:align=right)
2024-10-08 13:25:43,394 INFO     ___FILE_ONLY___ ┌──────────────────────────────────────────────┐
2024-10-08 13:25:43,394 INFO     ___FILE_ONLY___ 

2024-10-08 13:25:43,394 INFO     ___FILE_ONLY___ │     These components will be installed.      │
2024-10-08 13:25:43,394 INFO     ___FILE_ONLY___ 

2024-10-08 13:25:43,394 INFO     ___FILE_ONLY___ ├───────────────────────┬────────────┬─────────┤
2024-10-08 13:25:43,394 INFO     ___FILE_ONLY___ 

2024-10-08 13:25:43,394 INFO     ___FILE_ONLY___ │          Name         │  Version   │   Size  │
2024-10-08 13:25:43,394 INFO     ___FILE_ONLY___ 

2024-10-08 13:25:43,394 INFO     ___FILE_ONLY___ ├───────────────────────┼────────────┼─────────┤
2024-10-08 13:25:43,394 INFO     ___FILE_ONLY___ 

2024-10-08 13:25:43,395 INFO     ___FILE_ONLY___ │ 
2024-10-08 13:25:43,395 INFO     ___FILE_ONLY___ gcloud Alpha Commands
2024-10-08 13:25:43,395 INFO     ___FILE_ONLY___  
2024-10-08 13:25:43,395 INFO     ___FILE_ONLY___ │ 
2024-10-08 13:25:43,395 INFO     ___FILE_ONLY___ 2024.09.27
2024-10-08 13:25:43,395 INFO     ___FILE_ONLY___  
2024-10-08 13:25:43,395 INFO     ___FILE_ONLY___ │ 
2024-10-08 13:25:43,395 INFO     ___FILE_ONLY___ < 1 MiB
2024-10-08 13:25:43,395 INFO     ___FILE_ONLY___  
2024-10-08 13:25:43,395 INFO     ___FILE_ONLY___ │
2024-10-08 13:25:43,395 INFO     ___FILE_ONLY___ 

2024-10-08 13:25:43,395 INFO     ___FILE_ONLY___ │ 
2024-10-08 13:25:43,395 INFO     ___FILE_ONLY___ gcloud Beta Commands 
2024-10-08 13:25:43,395 INFO     ___FILE_ONLY___  
2024-10-08 13:25:43,395 INFO     ___FILE_ONLY___ │ 
2024-10-08 13:25:43,395 INFO     ___FILE_ONLY___ 2024.09.27
2024-10-08 13:25:43,396 INFO     ___FILE_ONLY___  
2024-10-08 13:25:43,396 INFO     ___FILE_ONLY___ │ 
2024-10-08 13:25:43,396 INFO     ___FILE_ONLY___ < 1 MiB
2024-10-08 13:25:43,396 INFO     ___FILE_ONLY___  
2024-10-08 13:25:43,396 INFO     ___FILE_ONLY___ │
2024-10-08 13:25:43,396 INFO     ___FILE_ONLY___ 

2024-10-08 13:25:43,396 INFO     ___FILE_ONLY___ └───────────────────────┴────────────┴─────────┘
2024-10-08 13:25:43,396 INFO     ___FILE_ONLY___ 

2024-10-08 13:25:43,396 INFO     ___FILE_ONLY___ 

2024-10-08 13:25:43,399 DEBUG    urllib3.connectionpool Starting new HTTPS connection (1): dl.google.com:443
2024-10-08 13:25:43,461 DEBUG    urllib3.connectionpool https://dl.google.com:443 "GET /dl/cloudsdk/channels/rapid/RELEASE_NOTES HTTP/1.1" 200 1281712
2024-10-08 13:25:43,499 INFO     ___FILE_ONLY___ For the latest full release notes, please visit:
  https://cloud.google.com/sdk/release_notes


2024-10-08 13:25:43,499 INFO     ___FILE_ONLY___ Performing in place update...


2024-10-08 13:25:43,501 INFO     ___FILE_ONLY___ ╔════════════════════════════════════════════════════════════╗

2024-10-08 13:25:43,501 INFO     ___FILE_ONLY___ ╠═ Downloading: gcloud Alpha Commands                       ═╣

2024-10-08 13:25:43,502 INFO     ___FILE_ONLY___ ╚
2024-10-08 13:25:43,505 DEBUG    urllib3.connectionpool Starting new HTTPS connection (1): dl.google.com:443
2024-10-08 13:25:43,568 DEBUG    urllib3.connectionpool https://dl.google.com:443 "GET /dl/cloudsdk/channels/rapid/components/google-cloud-sdk-alpha-20240927140238.tar.gz HTTP/1.1" 200 800
2024-10-08 13:25:43,569 INFO     ___FILE_ONLY___ ════════════════════════════════════════════════════════════
2024-10-08 13:25:43,569 INFO     ___FILE_ONLY___ ╝

2024-10-08 13:25:43,571 INFO     ___FILE_ONLY___ ╔════════════════════════════════════════════════════════════╗

2024-10-08 13:25:43,571 INFO     ___FILE_ONLY___ ╠═ Downloading: gcloud Beta Commands                        ═╣

2024-10-08 13:25:43,571 INFO     ___FILE_ONLY___ ╚
2024-10-08 13:25:43,575 DEBUG    urllib3.connectionpool Starting new HTTPS connection (1): dl.google.com:443
2024-10-08 13:25:43,639 DEBUG    urllib3.connectionpool https://dl.google.com:443 "GET /dl/cloudsdk/channels/rapid/components/google-cloud-sdk-beta-20240927140238.tar.gz HTTP/1.1" 200 797
2024-10-08 13:25:43,640 INFO     ___FILE_ONLY___ ════════════════════════════════════════════════════════════
2024-10-08 13:25:43,640 INFO     ___FILE_ONLY___ ╝

2024-10-08 13:25:43,642 INFO     ___FILE_ONLY___ ╔════════════════════════════════════════════════════════════╗

2024-10-08 13:25:43,642 INFO     ___FILE_ONLY___ ╠═ Installing: gcloud Alpha Commands                        ═╣

2024-10-08 13:25:43,642 INFO     ___FILE_ONLY___ ╚
2024-10-08 13:25:43,644 INFO     ___FILE_ONLY___ ════════════════════════════════════════════════════════════
2024-10-08 13:25:43,644 INFO     ___FILE_ONLY___ ╝

2024-10-08 13:25:43,652 INFO     ___FILE_ONLY___ ╔════════════════════════════════════════════════════════════╗

2024-10-08 13:25:43,652 INFO     ___FILE_ONLY___ ╠═ Installing: gcloud Beta Commands                         ═╣

2024-10-08 13:25:43,652 INFO     ___FILE_ONLY___ ╚
2024-10-08 13:25:43,653 INFO     ___FILE_ONLY___ ════════════════════════════════════════════════════════════
2024-10-08 13:25:43,653 INFO     ___FILE_ONLY___ ╝

2024-10-08 13:25:43,661 DEBUG    root            Updating notification cache...
2024-10-08 13:25:43,661 INFO     ___FILE_ONLY___ 

2024-10-08 13:25:43,663 INFO     ___FILE_ONLY___ Performing post processing steps...
2024-10-08 13:25:43,664 DEBUG    root            Executing command: ['/tools/google-cloud-sdk/bin/gcloud', 'components', 'post-process']
2024-10-08 13:25:55,015 DEBUG    ___FILE_ONLY___ 
2024-10-08 13:25:55,015 DEBUG    ___FILE_ONLY___ 
2024-10-08 13:25:55,230 INFO     ___FILE_ONLY___ 
Update done!


2024-10-08 13:25:55,233 DEBUG    root            Chosen display Format:none
2024-10-08 13:25:55,233 INFO     root            Display format: "none"
