2024-10-08 13:25:23,309 DEBUG    root            Loaded Command Group: ['gcloud', 'components']
2024-10-08 13:25:23,314 DEBUG    root            Loaded Command Group: ['gcloud', 'components', 'update']
2024-10-08 13:25:23,318 DEBUG    root            Running [gcloud.components.update] with arguments: [--compile-python: "True", --quiet: "True", COMPONENT-IDS:6: "['core', 'gcloud-deps', 'bq', 'gcloud', 'gcloud-crc32c', 'gsutil']"]
2024-10-08 13:25:23,320 INFO     ___FILE_ONLY___ Beginning update. This process may take several minutes.

2024-10-08 13:25:23,369 DEBUG    urllib3.connectionpool Starting new HTTPS connection (1): dl.google.com:443
2024-10-08 13:25:23,448 DEBUG    urllib3.connectionpool https://dl.google.com:443 "GET /dl/cloudsdk/channels/rapid/components-2.json HTTP/1.1" 200 227002
2024-10-08 13:25:23,464 INFO     ___FILE_ONLY___ 

2024-10-08 13:25:23,465 INFO     ___FILE_ONLY___ 
Your current Google Cloud CLI version is: 495.0.0

2024-10-08 13:25:23,465 INFO     ___FILE_ONLY___ Installing components from version: 495.0.0

2024-10-08 13:25:23,465 INFO     ___FILE_ONLY___ 

2024-10-08 13:25:23,465 DEBUG    root            Chosen display Format:table[box,title="These components will be removed."](details.display_name:label=Name:align=left,version.version_string:label=Version:align=right,data.size.size(zero="",min=1048576):label=Size:align=right)
2024-10-08 13:25:23,466 DEBUG    root            Chosen display Format:table[box,title="These components will be updated."](details.display_name:label=Name:align=left,version.version_string:label=Version:align=right,data.size.size(zero="",min=1048576):label=Size:align=right)
2024-10-08 13:25:23,467 DEBUG    root            Chosen display Format:table[box,title="These components will be installed."](details.display_name:label=Name:align=left,version.version_string:label=Version:align=right,data.size.size(zero="",min=1048576):label=Size:align=right)
2024-10-08 13:25:23,509 INFO     ___FILE_ONLY___ ┌─────────────────────────────────────────────────────────────────────────────┐
2024-10-08 13:25:23,509 INFO     ___FILE_ONLY___ 

2024-10-08 13:25:23,509 INFO     ___FILE_ONLY___ │                     These components will be installed.                     │
2024-10-08 13:25:23,509 INFO     ___FILE_ONLY___ 

2024-10-08 13:25:23,510 INFO     ___FILE_ONLY___ ├─────────────────────────────────────────────────────┬────────────┬──────────┤
2024-10-08 13:25:23,510 INFO     ___FILE_ONLY___ 

2024-10-08 13:25:23,510 INFO     ___FILE_ONLY___ │                         Name                        │  Version   │   Size   │
2024-10-08 13:25:23,510 INFO     ___FILE_ONLY___ 

2024-10-08 13:25:23,510 INFO     ___FILE_ONLY___ ├─────────────────────────────────────────────────────┼────────────┼──────────┤
2024-10-08 13:25:23,510 INFO     ___FILE_ONLY___ 

2024-10-08 13:25:23,510 INFO     ___FILE_ONLY___ │ 
2024-10-08 13:25:23,510 INFO     ___FILE_ONLY___ BigQuery Command Line Tool                         
2024-10-08 13:25:23,510 INFO     ___FILE_ONLY___  
2024-10-08 13:25:23,510 INFO     ___FILE_ONLY___ │ 
2024-10-08 13:25:23,510 INFO     ___FILE_ONLY___      2.1.8
2024-10-08 13:25:23,510 INFO     ___FILE_ONLY___  
2024-10-08 13:25:23,510 INFO     ___FILE_ONLY___ │ 
2024-10-08 13:25:23,510 INFO     ___FILE_ONLY___  1.7 MiB
2024-10-08 13:25:23,510 INFO     ___FILE_ONLY___  
2024-10-08 13:25:23,511 INFO     ___FILE_ONLY___ │
2024-10-08 13:25:23,511 INFO     ___FILE_ONLY___ 

2024-10-08 13:25:23,511 INFO     ___FILE_ONLY___ │ 
2024-10-08 13:25:23,511 INFO     ___FILE_ONLY___ BigQuery Command Line Tool (Platform Specific)     
2024-10-08 13:25:23,511 INFO     ___FILE_ONLY___  
2024-10-08 13:25:23,511 INFO     ___FILE_ONLY___ │ 
2024-10-08 13:25:23,511 INFO     ___FILE_ONLY___      2.1.8
2024-10-08 13:25:23,511 INFO     ___FILE_ONLY___  
2024-10-08 13:25:23,511 INFO     ___FILE_ONLY___ │ 
2024-10-08 13:25:23,511 INFO     ___FILE_ONLY___  < 1 MiB
2024-10-08 13:25:23,511 INFO     ___FILE_ONLY___  
2024-10-08 13:25:23,511 INFO     ___FILE_ONLY___ │
2024-10-08 13:25:23,511 INFO     ___FILE_ONLY___ 

2024-10-08 13:25:23,511 INFO     ___FILE_ONLY___ │ 
2024-10-08 13:25:23,511 INFO     ___FILE_ONLY___ Bundled Python 3.11 (Platform Specific)            
2024-10-08 13:25:23,511 INFO     ___FILE_ONLY___  
2024-10-08 13:25:23,512 INFO     ___FILE_ONLY___ │ 
2024-10-08 13:25:23,512 INFO     ___FILE_ONLY___     3.11.9
2024-10-08 13:25:23,512 INFO     ___FILE_ONLY___  
2024-10-08 13:25:23,512 INFO     ___FILE_ONLY___ │ 
2024-10-08 13:25:23,512 INFO     ___FILE_ONLY___ 74.4 MiB
2024-10-08 13:25:23,512 INFO     ___FILE_ONLY___  
2024-10-08 13:25:23,512 INFO     ___FILE_ONLY___ │
2024-10-08 13:25:23,512 INFO     ___FILE_ONLY___ 

2024-10-08 13:25:23,512 INFO     ___FILE_ONLY___ │ 
2024-10-08 13:25:23,512 INFO     ___FILE_ONLY___ Cloud Storage Command Line Tool                    
2024-10-08 13:25:23,512 INFO     ___FILE_ONLY___  
2024-10-08 13:25:23,512 INFO     ___FILE_ONLY___ │ 
2024-10-08 13:25:23,512 INFO     ___FILE_ONLY___       5.30
2024-10-08 13:25:23,512 INFO     ___FILE_ONLY___  
2024-10-08 13:25:23,512 INFO     ___FILE_ONLY___ │ 
2024-10-08 13:25:23,512 INFO     ___FILE_ONLY___ 11.3 MiB
2024-10-08 13:25:23,513 INFO     ___FILE_ONLY___  
2024-10-08 13:25:23,513 INFO     ___FILE_ONLY___ │
2024-10-08 13:25:23,513 INFO     ___FILE_ONLY___ 

2024-10-08 13:25:23,513 INFO     ___FILE_ONLY___ │ 
2024-10-08 13:25:23,513 INFO     ___FILE_ONLY___ Cloud Storage Command Line Tool (Platform Specific)
2024-10-08 13:25:23,513 INFO     ___FILE_ONLY___  
2024-10-08 13:25:23,513 INFO     ___FILE_ONLY___ │ 
2024-10-08 13:25:23,513 INFO     ___FILE_ONLY___       5.30
2024-10-08 13:25:23,513 INFO     ___FILE_ONLY___  
2024-10-08 13:25:23,513 INFO     ___FILE_ONLY___ │ 
2024-10-08 13:25:23,513 INFO     ___FILE_ONLY___  < 1 MiB
2024-10-08 13:25:23,513 INFO     ___FILE_ONLY___  
2024-10-08 13:25:23,513 INFO     ___FILE_ONLY___ │
2024-10-08 13:25:23,513 INFO     ___FILE_ONLY___ 

2024-10-08 13:25:23,513 INFO     ___FILE_ONLY___ │ 
2024-10-08 13:25:23,513 INFO     ___FILE_ONLY___ Google Cloud CLI Core Libraries (Platform Specific)
2024-10-08 13:25:23,514 INFO     ___FILE_ONLY___  
2024-10-08 13:25:23,514 INFO     ___FILE_ONLY___ │ 
2024-10-08 13:25:23,514 INFO     ___FILE_ONLY___ 2024.08.30
2024-10-08 13:25:23,514 INFO     ___FILE_ONLY___  
2024-10-08 13:25:23,514 INFO     ___FILE_ONLY___ │ 
2024-10-08 13:25:23,514 INFO     ___FILE_ONLY___  < 1 MiB
2024-10-08 13:25:23,514 INFO     ___FILE_ONLY___  
2024-10-08 13:25:23,514 INFO     ___FILE_ONLY___ │
2024-10-08 13:25:23,514 INFO     ___FILE_ONLY___ 

2024-10-08 13:25:23,514 INFO     ___FILE_ONLY___ │ 
2024-10-08 13:25:23,514 INFO     ___FILE_ONLY___ Google Cloud CRC32C Hash Tool (Platform Specific)  
2024-10-08 13:25:23,514 INFO     ___FILE_ONLY___  
2024-10-08 13:25:23,514 INFO     ___FILE_ONLY___ │ 
2024-10-08 13:25:23,514 INFO     ___FILE_ONLY___      1.0.0
2024-10-08 13:25:23,514 INFO     ___FILE_ONLY___  
2024-10-08 13:25:23,514 INFO     ___FILE_ONLY___ │ 
2024-10-08 13:25:23,515 INFO     ___FILE_ONLY___  1.3 MiB
2024-10-08 13:25:23,515 INFO     ___FILE_ONLY___  
2024-10-08 13:25:23,515 INFO     ___FILE_ONLY___ │
2024-10-08 13:25:23,515 INFO     ___FILE_ONLY___ 

2024-10-08 13:25:23,515 INFO     ___FILE_ONLY___ │ 
2024-10-08 13:25:23,515 INFO     ___FILE_ONLY___ gcloud cli dependencies (Platform Specific)        
2024-10-08 13:25:23,515 INFO     ___FILE_ONLY___  
2024-10-08 13:25:23,515 INFO     ___FILE_ONLY___ │ 
2024-10-08 13:25:23,515 INFO     ___FILE_ONLY___ 2021.04.16
2024-10-08 13:25:23,515 INFO     ___FILE_ONLY___  
2024-10-08 13:25:23,515 INFO     ___FILE_ONLY___ │ 
2024-10-08 13:25:23,515 INFO     ___FILE_ONLY___  < 1 MiB
2024-10-08 13:25:23,515 INFO     ___FILE_ONLY___  
2024-10-08 13:25:23,515 INFO     ___FILE_ONLY___ │
2024-10-08 13:25:23,515 INFO     ___FILE_ONLY___ 

2024-10-08 13:25:23,515 INFO     ___FILE_ONLY___ └─────────────────────────────────────────────────────┴────────────┴──────────┘
2024-10-08 13:25:23,515 INFO     ___FILE_ONLY___ 

2024-10-08 13:25:23,516 INFO     ___FILE_ONLY___ 

2024-10-08 13:25:23,519 DEBUG    urllib3.connectionpool Starting new HTTPS connection (1): dl.google.com:443
2024-10-08 13:25:23,583 DEBUG    urllib3.connectionpool https://dl.google.com:443 "GET /dl/cloudsdk/channels/rapid/RELEASE_NOTES HTTP/1.1" 200 1281712
2024-10-08 13:25:23,618 INFO     ___FILE_ONLY___ For the latest full release notes, please visit:
  https://cloud.google.com/sdk/release_notes


2024-10-08 13:25:23,618 INFO     ___FILE_ONLY___ Performing in place update...


2024-10-08 13:25:23,620 INFO     ___FILE_ONLY___ ╔════════════════════════════════════════════════════════════╗

2024-10-08 13:25:23,621 INFO     ___FILE_ONLY___ ╠═ Downloading: BigQuery Command Line Tool                  ═╣

2024-10-08 13:25:23,621 INFO     ___FILE_ONLY___ ╚
2024-10-08 13:25:23,624 DEBUG    urllib3.connectionpool Starting new HTTPS connection (1): dl.google.com:443
2024-10-08 13:25:23,686 DEBUG    urllib3.connectionpool https://dl.google.com:443 "GET /dl/cloudsdk/channels/rapid/components/google-cloud-sdk-bq-20240816183020.tar.gz HTTP/1.1" 200 1818208
2024-10-08 13:25:23,697 INFO     ___FILE_ONLY___ ═
2024-10-08 13:25:23,697 INFO     ___FILE_ONLY___ ═
2024-10-08 13:25:23,697 INFO     ___FILE_ONLY___ ═
2024-10-08 13:25:23,697 INFO     ___FILE_ONLY___ ═
2024-10-08 13:25:23,697 INFO     ___FILE_ONLY___ ═
2024-10-08 13:25:23,698 INFO     ___FILE_ONLY___ ═
2024-10-08 13:25:23,698 INFO     ___FILE_ONLY___ ═
2024-10-08 13:25:23,698 INFO     ___FILE_ONLY___ ═
2024-10-08 13:25:23,698 INFO     ___FILE_ONLY___ ═
2024-10-08 13:25:23,698 INFO     ___FILE_ONLY___ ═
2024-10-08 13:25:23,698 INFO     ___FILE_ONLY___ ═
2024-10-08 13:25:23,698 INFO     ___FILE_ONLY___ ═
2024-10-08 13:25:23,698 INFO     ___FILE_ONLY___ ═
2024-10-08 13:25:23,698 INFO     ___FILE_ONLY___ ═
2024-10-08 13:25:23,698 INFO     ___FILE_ONLY___ ═
2024-10-08 13:25:23,699 INFO     ___FILE_ONLY___ ═
2024-10-08 13:25:23,699 INFO     ___FILE_ONLY___ ═
2024-10-08 13:25:23,699 INFO     ___FILE_ONLY___ ═
2024-10-08 13:25:23,699 INFO     ___FILE_ONLY___ ═
2024-10-08 13:25:23,699 INFO     ___FILE_ONLY___ ═
2024-10-08 13:25:23,699 INFO     ___FILE_ONLY___ ═
2024-10-08 13:25:23,699 INFO     ___FILE_ONLY___ ═
2024-10-08 13:25:23,699 INFO     ___FILE_ONLY___ ═
2024-10-08 13:25:23,699 INFO     ___FILE_ONLY___ ═
2024-10-08 13:25:23,700 INFO     ___FILE_ONLY___ ═
2024-10-08 13:25:23,700 INFO     ___FILE_ONLY___ ═
2024-10-08 13:25:23,700 INFO     ___FILE_ONLY___ ═
2024-10-08 13:25:23,700 INFO     ___FILE_ONLY___ ═
2024-10-08 13:25:23,700 INFO     ___FILE_ONLY___ ═
2024-10-08 13:25:23,700 INFO     ___FILE_ONLY___ ═
2024-10-08 13:25:23,700 INFO     ___FILE_ONLY___ ═
2024-10-08 13:25:23,700 INFO     ___FILE_ONLY___ ═
2024-10-08 13:25:23,700 INFO     ___FILE_ONLY___ ═
2024-10-08 13:25:23,700 INFO     ___FILE_ONLY___ ═
2024-10-08 13:25:23,701 INFO     ___FILE_ONLY___ ═
2024-10-08 13:25:23,701 INFO     ___FILE_ONLY___ ═
2024-10-08 13:25:23,701 INFO     ___FILE_ONLY___ ═
2024-10-08 13:25:23,701 INFO     ___FILE_ONLY___ ═
2024-10-08 13:25:23,701 INFO     ___FILE_ONLY___ ═
2024-10-08 13:25:23,701 INFO     ___FILE_ONLY___ ═
2024-10-08 13:25:23,701 INFO     ___FILE_ONLY___ ═
2024-10-08 13:25:23,701 INFO     ___FILE_ONLY___ ═
2024-10-08 13:25:23,701 INFO     ___FILE_ONLY___ ═
2024-10-08 13:25:23,701 INFO     ___FILE_ONLY___ ═
2024-10-08 13:25:23,702 INFO     ___FILE_ONLY___ ═
2024-10-08 13:25:23,702 INFO     ___FILE_ONLY___ ═
2024-10-08 13:25:23,702 INFO     ___FILE_ONLY___ ═
2024-10-08 13:25:23,702 INFO     ___FILE_ONLY___ ═
2024-10-08 13:25:23,702 INFO     ___FILE_ONLY___ ═
2024-10-08 13:25:23,702 INFO     ___FILE_ONLY___ ═
2024-10-08 13:25:23,702 INFO     ___FILE_ONLY___ ═
2024-10-08 13:25:23,702 INFO     ___FILE_ONLY___ ═
2024-10-08 13:25:23,702 INFO     ___FILE_ONLY___ ═
2024-10-08 13:25:23,702 INFO     ___FILE_ONLY___ ═
2024-10-08 13:25:23,703 INFO     ___FILE_ONLY___ ═
2024-10-08 13:25:23,703 INFO     ___FILE_ONLY___ ═
2024-10-08 13:25:23,703 INFO     ___FILE_ONLY___ ═
2024-10-08 13:25:23,703 INFO     ___FILE_ONLY___ ═
2024-10-08 13:25:23,703 INFO     ___FILE_ONLY___ ═
2024-10-08 13:25:23,703 INFO     ___FILE_ONLY___ ═
2024-10-08 13:25:23,703 INFO     ___FILE_ONLY___ ╝

2024-10-08 13:25:23,705 INFO     ___FILE_ONLY___ ╔════════════════════════════════════════════════════════════╗

2024-10-08 13:25:23,705 INFO     ___FILE_ONLY___ ╠═ Downloading: BigQuery Command Line Tool (Platform Spe... ═╣

2024-10-08 13:25:23,706 INFO     ___FILE_ONLY___ ╚
2024-10-08 13:25:23,709 DEBUG    urllib3.connectionpool Starting new HTTPS connection (1): dl.google.com:443
2024-10-08 13:25:23,772 DEBUG    urllib3.connectionpool https://dl.google.com:443 "GET /dl/cloudsdk/channels/rapid/components/google-cloud-sdk-bq-nix-20240830134514.tar.gz HTTP/1.1" 200 1914
2024-10-08 13:25:23,773 INFO     ___FILE_ONLY___ ════════════════════════════════════════════════════════════
2024-10-08 13:25:23,774 INFO     ___FILE_ONLY___ ╝

2024-10-08 13:25:23,776 INFO     ___FILE_ONLY___ ╔════════════════════════════════════════════════════════════╗

2024-10-08 13:25:23,776 INFO     ___FILE_ONLY___ ╠═ Downloading: Bundled Python 3.11                         ═╣

2024-10-08 13:25:23,776 INFO     ___FILE_ONLY___ ╚
2024-10-08 13:25:23,776 INFO     ___FILE_ONLY___ ════════════════════════════════════════════════════════════
2024-10-08 13:25:23,776 INFO     ___FILE_ONLY___ ╝

2024-10-08 13:25:23,778 INFO     ___FILE_ONLY___ ╔════════════════════════════════════════════════════════════╗

2024-10-08 13:25:23,778 INFO     ___FILE_ONLY___ ╠═ Downloading: Bundled Python 3.11 (Platform Specific)     ═╣

2024-10-08 13:25:23,778 INFO     ___FILE_ONLY___ ╚
2024-10-08 13:25:23,782 DEBUG    urllib3.connectionpool Starting new HTTPS connection (1): dl.google.com:443
2024-10-08 13:25:23,848 DEBUG    urllib3.connectionpool https://dl.google.com:443 "GET /dl/cloudsdk/channels/rapid/components/google-cloud-sdk-bundled-python3-unix-linux-x86_64-20240920144119.tar.gz HTTP/1.1" 200 78001783
2024-10-08 13:25:24,111 INFO     ___FILE_ONLY___ ═
2024-10-08 13:25:24,112 INFO     ___FILE_ONLY___ ═
2024-10-08 13:25:24,114 INFO     ___FILE_ONLY___ ═
2024-10-08 13:25:24,115 INFO     ___FILE_ONLY___ ═
2024-10-08 13:25:24,117 INFO     ___FILE_ONLY___ ═
2024-10-08 13:25:24,118 INFO     ___FILE_ONLY___ ═
2024-10-08 13:25:24,120 INFO     ___FILE_ONLY___ ═
2024-10-08 13:25:24,121 INFO     ___FILE_ONLY___ ═
2024-10-08 13:25:24,123 INFO     ___FILE_ONLY___ ═
2024-10-08 13:25:24,124 INFO     ___FILE_ONLY___ ═
2024-10-08 13:25:24,125 INFO     ___FILE_ONLY___ ═
2024-10-08 13:25:24,127 INFO     ___FILE_ONLY___ ═
2024-10-08 13:25:24,128 INFO     ___FILE_ONLY___ ═
2024-10-08 13:25:24,130 INFO     ___FILE_ONLY___ ═
2024-10-08 13:25:24,131 INFO     ___FILE_ONLY___ ═
2024-10-08 13:25:24,133 INFO     ___FILE_ONLY___ ═
2024-10-08 13:25:24,134 INFO     ___FILE_ONLY___ ═
2024-10-08 13:25:24,135 INFO     ___FILE_ONLY___ ═
2024-10-08 13:25:24,137 INFO     ___FILE_ONLY___ ═
2024-10-08 13:25:24,138 INFO     ___FILE_ONLY___ ═
2024-10-08 13:25:24,140 INFO     ___FILE_ONLY___ ═
2024-10-08 13:25:24,141 INFO     ___FILE_ONLY___ ═
2024-10-08 13:25:24,142 INFO     ___FILE_ONLY___ ═
2024-10-08 13:25:24,145 INFO     ___FILE_ONLY___ ═
2024-10-08 13:25:24,146 INFO     ___FILE_ONLY___ ═
2024-10-08 13:25:24,148 INFO     ___FILE_ONLY___ ═
2024-10-08 13:25:24,150 INFO     ___FILE_ONLY___ ═
2024-10-08 13:25:24,151 INFO     ___FILE_ONLY___ ═
2024-10-08 13:25:24,152 INFO     ___FILE_ONLY___ ═
2024-10-08 13:25:24,154 INFO     ___FILE_ONLY___ ═
2024-10-08 13:25:24,155 INFO     ___FILE_ONLY___ ═
2024-10-08 13:25:24,157 INFO     ___FILE_ONLY___ ═
2024-10-08 13:25:24,158 INFO     ___FILE_ONLY___ ═
2024-10-08 13:25:24,159 INFO     ___FILE_ONLY___ ═
2024-10-08 13:25:24,161 INFO     ___FILE_ONLY___ ═
2024-10-08 13:25:24,162 INFO     ___FILE_ONLY___ ═
2024-10-08 13:25:24,164 INFO     ___FILE_ONLY___ ═
2024-10-08 13:25:24,165 INFO     ___FILE_ONLY___ ═
2024-10-08 13:25:24,166 INFO     ___FILE_ONLY___ ═
2024-10-08 13:25:24,168 INFO     ___FILE_ONLY___ ═
2024-10-08 13:25:24,169 INFO     ___FILE_ONLY___ ═
2024-10-08 13:25:24,171 INFO     ___FILE_ONLY___ ═
2024-10-08 13:25:24,172 INFO     ___FILE_ONLY___ ═
2024-10-08 13:25:24,173 INFO     ___FILE_ONLY___ ═
2024-10-08 13:25:24,175 INFO     ___FILE_ONLY___ ═
2024-10-08 13:25:24,176 INFO     ___FILE_ONLY___ ═
2024-10-08 13:25:24,178 INFO     ___FILE_ONLY___ ═
2024-10-08 13:25:24,179 INFO     ___FILE_ONLY___ ═
2024-10-08 13:25:24,181 INFO     ___FILE_ONLY___ ═
2024-10-08 13:25:24,182 INFO     ___FILE_ONLY___ ═
2024-10-08 13:25:24,183 INFO     ___FILE_ONLY___ ═
2024-10-08 13:25:24,185 INFO     ___FILE_ONLY___ ═
2024-10-08 13:25:24,186 INFO     ___FILE_ONLY___ ═
2024-10-08 13:25:24,188 INFO     ___FILE_ONLY___ ═
2024-10-08 13:25:24,189 INFO     ___FILE_ONLY___ ═
2024-10-08 13:25:24,191 INFO     ___FILE_ONLY___ ═
2024-10-08 13:25:24,192 INFO     ___FILE_ONLY___ ═
2024-10-08 13:25:24,193 INFO     ___FILE_ONLY___ ═
2024-10-08 13:25:24,195 INFO     ___FILE_ONLY___ ═
2024-10-08 13:25:24,196 INFO     ___FILE_ONLY___ ═
2024-10-08 13:25:24,197 INFO     ___FILE_ONLY___ ╝

2024-10-08 13:25:24,199 INFO     ___FILE_ONLY___ ╔════════════════════════════════════════════════════════════╗

2024-10-08 13:25:24,199 INFO     ___FILE_ONLY___ ╠═ Downloading: Cloud Storage Command Line Tool             ═╣

2024-10-08 13:25:24,199 INFO     ___FILE_ONLY___ ╚
2024-10-08 13:25:24,208 DEBUG    urllib3.connectionpool Starting new HTTPS connection (1): dl.google.com:443
2024-10-08 13:25:24,273 DEBUG    urllib3.connectionpool https://dl.google.com:443 "GET /dl/cloudsdk/channels/rapid/components/google-cloud-sdk-gsutil-20240614142823.tar.gz HTTP/1.1" 200 11883175
2024-10-08 13:25:24,312 INFO     ___FILE_ONLY___ ═
2024-10-08 13:25:24,312 INFO     ___FILE_ONLY___ ═
2024-10-08 13:25:24,313 INFO     ___FILE_ONLY___ ═
2024-10-08 13:25:24,313 INFO     ___FILE_ONLY___ ═
2024-10-08 13:25:24,313 INFO     ___FILE_ONLY___ ═
2024-10-08 13:25:24,314 INFO     ___FILE_ONLY___ ═
2024-10-08 13:25:24,314 INFO     ___FILE_ONLY___ ═
2024-10-08 13:25:24,314 INFO     ___FILE_ONLY___ ═
2024-10-08 13:25:24,314 INFO     ___FILE_ONLY___ ═
2024-10-08 13:25:24,315 INFO     ___FILE_ONLY___ ═
2024-10-08 13:25:24,315 INFO     ___FILE_ONLY___ ═
2024-10-08 13:25:24,315 INFO     ___FILE_ONLY___ ═
2024-10-08 13:25:24,316 INFO     ___FILE_ONLY___ ═
2024-10-08 13:25:24,316 INFO     ___FILE_ONLY___ ═
2024-10-08 13:25:24,316 INFO     ___FILE_ONLY___ ═
2024-10-08 13:25:24,316 INFO     ___FILE_ONLY___ ═
2024-10-08 13:25:24,317 INFO     ___FILE_ONLY___ ═
2024-10-08 13:25:24,317 INFO     ___FILE_ONLY___ ═
2024-10-08 13:25:24,317 INFO     ___FILE_ONLY___ ═
2024-10-08 13:25:24,318 INFO     ___FILE_ONLY___ ═
2024-10-08 13:25:24,318 INFO     ___FILE_ONLY___ ═
2024-10-08 13:25:24,318 INFO     ___FILE_ONLY___ ═
2024-10-08 13:25:24,319 INFO     ___FILE_ONLY___ ═
2024-10-08 13:25:24,319 INFO     ___FILE_ONLY___ ═
2024-10-08 13:25:24,319 INFO     ___FILE_ONLY___ ═
2024-10-08 13:25:24,319 INFO     ___FILE_ONLY___ ═
2024-10-08 13:25:24,320 INFO     ___FILE_ONLY___ ═
2024-10-08 13:25:24,320 INFO     ___FILE_ONLY___ ═
2024-10-08 13:25:24,320 INFO     ___FILE_ONLY___ ═
2024-10-08 13:25:24,321 INFO     ___FILE_ONLY___ ═
2024-10-08 13:25:24,321 INFO     ___FILE_ONLY___ ═
2024-10-08 13:25:24,321 INFO     ___FILE_ONLY___ ═
2024-10-08 13:25:24,321 INFO     ___FILE_ONLY___ ═
2024-10-08 13:25:24,322 INFO     ___FILE_ONLY___ ═
2024-10-08 13:25:24,322 INFO     ___FILE_ONLY___ ═
2024-10-08 13:25:24,322 INFO     ___FILE_ONLY___ ═
2024-10-08 13:25:24,323 INFO     ___FILE_ONLY___ ═
2024-10-08 13:25:24,323 INFO     ___FILE_ONLY___ ═
2024-10-08 13:25:24,323 INFO     ___FILE_ONLY___ ═
2024-10-08 13:25:24,323 INFO     ___FILE_ONLY___ ═
2024-10-08 13:25:24,324 INFO     ___FILE_ONLY___ ═
2024-10-08 13:25:24,324 INFO     ___FILE_ONLY___ ═
2024-10-08 13:25:24,324 INFO     ___FILE_ONLY___ ═
2024-10-08 13:25:24,325 INFO     ___FILE_ONLY___ ═
2024-10-08 13:25:24,325 INFO     ___FILE_ONLY___ ═
2024-10-08 13:25:24,325 INFO     ___FILE_ONLY___ ═
2024-10-08 13:25:24,325 INFO     ___FILE_ONLY___ ═
2024-10-08 13:25:24,326 INFO     ___FILE_ONLY___ ═
2024-10-08 13:25:24,326 INFO     ___FILE_ONLY___ ═
2024-10-08 13:25:24,326 INFO     ___FILE_ONLY___ ═
2024-10-08 13:25:24,327 INFO     ___FILE_ONLY___ ═
2024-10-08 13:25:24,327 INFO     ___FILE_ONLY___ ═
2024-10-08 13:25:24,327 INFO     ___FILE_ONLY___ ═
2024-10-08 13:25:24,327 INFO     ___FILE_ONLY___ ═
2024-10-08 13:25:24,328 INFO     ___FILE_ONLY___ ═
2024-10-08 13:25:24,328 INFO     ___FILE_ONLY___ ═
2024-10-08 13:25:24,328 INFO     ___FILE_ONLY___ ═
2024-10-08 13:25:24,329 INFO     ___FILE_ONLY___ ═
2024-10-08 13:25:24,329 INFO     ___FILE_ONLY___ ═
2024-10-08 13:25:24,329 INFO     ___FILE_ONLY___ ═
2024-10-08 13:25:24,329 INFO     ___FILE_ONLY___ ╝

2024-10-08 13:25:24,332 INFO     ___FILE_ONLY___ ╔════════════════════════════════════════════════════════════╗

2024-10-08 13:25:24,332 INFO     ___FILE_ONLY___ ╠═ Downloading: Cloud Storage Command Line Tool (Platfor... ═╣

2024-10-08 13:25:24,332 INFO     ___FILE_ONLY___ ╚
2024-10-08 13:25:24,335 DEBUG    urllib3.connectionpool Starting new HTTPS connection (1): dl.google.com:443
2024-10-08 13:25:24,396 DEBUG    urllib3.connectionpool https://dl.google.com:443 "GET /dl/cloudsdk/channels/rapid/components/google-cloud-sdk-gsutil-nix-20240830134514.tar.gz HTTP/1.1" 200 1928
2024-10-08 13:25:24,397 INFO     ___FILE_ONLY___ ════════════════════════════════════════════════════════════
2024-10-08 13:25:24,397 INFO     ___FILE_ONLY___ ╝

2024-10-08 13:25:24,400 INFO     ___FILE_ONLY___ ╔════════════════════════════════════════════════════════════╗

2024-10-08 13:25:24,400 INFO     ___FILE_ONLY___ ╠═ Downloading: Default set of gcloud commands              ═╣

2024-10-08 13:25:24,400 INFO     ___FILE_ONLY___ ╚
2024-10-08 13:25:24,400 INFO     ___FILE_ONLY___ ════════════════════════════════════════════════════════════
2024-10-08 13:25:24,400 INFO     ___FILE_ONLY___ ╝

2024-10-08 13:25:24,402 INFO     ___FILE_ONLY___ ╔════════════════════════════════════════════════════════════╗

2024-10-08 13:25:24,402 INFO     ___FILE_ONLY___ ╠═ Downloading: Google Cloud CLI Core Libraries (Platfor... ═╣

2024-10-08 13:25:24,402 INFO     ___FILE_ONLY___ ╚
2024-10-08 13:25:24,406 DEBUG    urllib3.connectionpool Starting new HTTPS connection (1): dl.google.com:443
2024-10-08 13:25:24,471 DEBUG    urllib3.connectionpool https://dl.google.com:443 "GET /dl/cloudsdk/channels/rapid/components/google-cloud-sdk-core-nix-20240830134514.tar.gz HTTP/1.1" 200 2306
2024-10-08 13:25:24,471 INFO     ___FILE_ONLY___ ════════════════════════════════════════════════════════════
2024-10-08 13:25:24,472 INFO     ___FILE_ONLY___ ╝

2024-10-08 13:25:24,474 INFO     ___FILE_ONLY___ ╔════════════════════════════════════════════════════════════╗

2024-10-08 13:25:24,474 INFO     ___FILE_ONLY___ ╠═ Downloading: Google Cloud CRC32C Hash Tool               ═╣

2024-10-08 13:25:24,474 INFO     ___FILE_ONLY___ ╚
2024-10-08 13:25:24,474 INFO     ___FILE_ONLY___ ════════════════════════════════════════════════════════════
2024-10-08 13:25:24,474 INFO     ___FILE_ONLY___ ╝

2024-10-08 13:25:24,476 INFO     ___FILE_ONLY___ ╔════════════════════════════════════════════════════════════╗

2024-10-08 13:25:24,476 INFO     ___FILE_ONLY___ ╠═ Downloading: Google Cloud CRC32C Hash Tool (Platform ... ═╣

2024-10-08 13:25:24,476 INFO     ___FILE_ONLY___ ╚
2024-10-08 13:25:24,480 DEBUG    urllib3.connectionpool Starting new HTTPS connection (1): dl.google.com:443
2024-10-08 13:25:24,542 DEBUG    urllib3.connectionpool https://dl.google.com:443 "GET /dl/cloudsdk/channels/rapid/components/google-cloud-sdk-gcloud-crc32c-linux-x86_64-20240712142834.tar.gz HTTP/1.1" 200 1350263
2024-10-08 13:25:24,551 INFO     ___FILE_ONLY___ ═
2024-10-08 13:25:24,551 INFO     ___FILE_ONLY___ ═
2024-10-08 13:25:24,551 INFO     ___FILE_ONLY___ ═
2024-10-08 13:25:24,551 INFO     ___FILE_ONLY___ ═
2024-10-08 13:25:24,552 INFO     ___FILE_ONLY___ ═
2024-10-08 13:25:24,552 INFO     ___FILE_ONLY___ ═
2024-10-08 13:25:24,552 INFO     ___FILE_ONLY___ ═
2024-10-08 13:25:24,552 INFO     ___FILE_ONLY___ ═
2024-10-08 13:25:24,552 INFO     ___FILE_ONLY___ ═
2024-10-08 13:25:24,552 INFO     ___FILE_ONLY___ ═
2024-10-08 13:25:24,552 INFO     ___FILE_ONLY___ ═
2024-10-08 13:25:24,552 INFO     ___FILE_ONLY___ ═
2024-10-08 13:25:24,552 INFO     ___FILE_ONLY___ ═
2024-10-08 13:25:24,552 INFO     ___FILE_ONLY___ ═
2024-10-08 13:25:24,552 INFO     ___FILE_ONLY___ ═
2024-10-08 13:25:24,553 INFO     ___FILE_ONLY___ ═
2024-10-08 13:25:24,553 INFO     ___FILE_ONLY___ ═
2024-10-08 13:25:24,553 INFO     ___FILE_ONLY___ ═
2024-10-08 13:25:24,553 INFO     ___FILE_ONLY___ ═
2024-10-08 13:25:24,553 INFO     ___FILE_ONLY___ ═
2024-10-08 13:25:24,553 INFO     ___FILE_ONLY___ ═
2024-10-08 13:25:24,553 INFO     ___FILE_ONLY___ ═
2024-10-08 13:25:24,553 INFO     ___FILE_ONLY___ ═
2024-10-08 13:25:24,553 INFO     ___FILE_ONLY___ ═
2024-10-08 13:25:24,553 INFO     ___FILE_ONLY___ ═
2024-10-08 13:25:24,554 INFO     ___FILE_ONLY___ ═
2024-10-08 13:25:24,554 INFO     ___FILE_ONLY___ ═
2024-10-08 13:25:24,554 INFO     ___FILE_ONLY___ ═
2024-10-08 13:25:24,554 INFO     ___FILE_ONLY___ ═
2024-10-08 13:25:24,554 INFO     ___FILE_ONLY___ ═
2024-10-08 13:25:24,554 INFO     ___FILE_ONLY___ ═
2024-10-08 13:25:24,554 INFO     ___FILE_ONLY___ ═
2024-10-08 13:25:24,554 INFO     ___FILE_ONLY___ ═
2024-10-08 13:25:24,554 INFO     ___FILE_ONLY___ ═
2024-10-08 13:25:24,554 INFO     ___FILE_ONLY___ ═
2024-10-08 13:25:24,554 INFO     ___FILE_ONLY___ ═
2024-10-08 13:25:24,555 INFO     ___FILE_ONLY___ ═
2024-10-08 13:25:24,555 INFO     ___FILE_ONLY___ ═
2024-10-08 13:25:24,555 INFO     ___FILE_ONLY___ ═
2024-10-08 13:25:24,555 INFO     ___FILE_ONLY___ ═
2024-10-08 13:25:24,555 INFO     ___FILE_ONLY___ ═
2024-10-08 13:25:24,555 INFO     ___FILE_ONLY___ ═
2024-10-08 13:25:24,555 INFO     ___FILE_ONLY___ ═
2024-10-08 13:25:24,555 INFO     ___FILE_ONLY___ ═
2024-10-08 13:25:24,555 INFO     ___FILE_ONLY___ ═
2024-10-08 13:25:24,555 INFO     ___FILE_ONLY___ ═
2024-10-08 13:25:24,555 INFO     ___FILE_ONLY___ ═
2024-10-08 13:25:24,556 INFO     ___FILE_ONLY___ ═
2024-10-08 13:25:24,556 INFO     ___FILE_ONLY___ ═
2024-10-08 13:25:24,556 INFO     ___FILE_ONLY___ ═
2024-10-08 13:25:24,556 INFO     ___FILE_ONLY___ ═
2024-10-08 13:25:24,556 INFO     ___FILE_ONLY___ ═
2024-10-08 13:25:24,556 INFO     ___FILE_ONLY___ ═
2024-10-08 13:25:24,556 INFO     ___FILE_ONLY___ ═
2024-10-08 13:25:24,556 INFO     ___FILE_ONLY___ ═
2024-10-08 13:25:24,556 INFO     ___FILE_ONLY___ ═
2024-10-08 13:25:24,556 INFO     ___FILE_ONLY___ ═
2024-10-08 13:25:24,556 INFO     ___FILE_ONLY___ ═
2024-10-08 13:25:24,557 INFO     ___FILE_ONLY___ ═
2024-10-08 13:25:24,557 INFO     ___FILE_ONLY___ ═
2024-10-08 13:25:24,557 INFO     ___FILE_ONLY___ ╝

2024-10-08 13:25:24,559 INFO     ___FILE_ONLY___ ╔════════════════════════════════════════════════════════════╗

2024-10-08 13:25:24,559 INFO     ___FILE_ONLY___ ╠═ Downloading: gcloud cli dependencies (Platform Specific) ═╣

2024-10-08 13:25:24,559 INFO     ___FILE_ONLY___ ╚
2024-10-08 13:25:24,562 DEBUG    urllib3.connectionpool Starting new HTTPS connection (1): dl.google.com:443
2024-10-08 13:25:24,659 DEBUG    urllib3.connectionpool https://dl.google.com:443 "GET /dl/cloudsdk/channels/rapid/components/google-cloud-sdk-gcloud-deps-linux-x86_64-20210416153011.tar.gz HTTP/1.1" 200 104
2024-10-08 13:25:24,659 INFO     ___FILE_ONLY___ ════════════════════════════════════════════════════════════
2024-10-08 13:25:24,660 INFO     ___FILE_ONLY___ ╝

2024-10-08 13:25:24,662 INFO     ___FILE_ONLY___ ╔════════════════════════════════════════════════════════════╗

2024-10-08 13:25:24,662 INFO     ___FILE_ONLY___ ╠═ Installing: BigQuery Command Line Tool                   ═╣

2024-10-08 13:25:24,662 INFO     ___FILE_ONLY___ ╚
2024-10-08 13:25:24,778 INFO     ___FILE_ONLY___ ═
2024-10-08 13:25:24,781 INFO     ___FILE_ONLY___ ═
2024-10-08 13:25:24,784 INFO     ___FILE_ONLY___ ═
2024-10-08 13:25:24,787 INFO     ___FILE_ONLY___ ═
2024-10-08 13:25:24,789 INFO     ___FILE_ONLY___ ═
2024-10-08 13:25:24,791 INFO     ___FILE_ONLY___ ═
2024-10-08 13:25:24,794 INFO     ___FILE_ONLY___ ═
2024-10-08 13:25:24,796 INFO     ___FILE_ONLY___ ═
2024-10-08 13:25:24,798 INFO     ___FILE_ONLY___ ═
2024-10-08 13:25:24,800 INFO     ___FILE_ONLY___ ═
2024-10-08 13:25:24,802 INFO     ___FILE_ONLY___ ═
2024-10-08 13:25:24,805 INFO     ___FILE_ONLY___ ═
2024-10-08 13:25:24,807 INFO     ___FILE_ONLY___ ═
2024-10-08 13:25:24,809 INFO     ___FILE_ONLY___ ═
2024-10-08 13:25:24,812 INFO     ___FILE_ONLY___ ═
2024-10-08 13:25:24,814 INFO     ___FILE_ONLY___ ═
2024-10-08 13:25:24,816 INFO     ___FILE_ONLY___ ═
2024-10-08 13:25:24,819 INFO     ___FILE_ONLY___ ═
2024-10-08 13:25:24,822 INFO     ___FILE_ONLY___ ═
2024-10-08 13:25:24,824 INFO     ___FILE_ONLY___ ═
2024-10-08 13:25:24,827 INFO     ___FILE_ONLY___ ═
2024-10-08 13:25:24,828 INFO     ___FILE_ONLY___ ═
2024-10-08 13:25:24,830 INFO     ___FILE_ONLY___ ═
2024-10-08 13:25:24,832 INFO     ___FILE_ONLY___ ═
2024-10-08 13:25:24,834 INFO     ___FILE_ONLY___ ═
2024-10-08 13:25:24,837 INFO     ___FILE_ONLY___ ═
2024-10-08 13:25:24,839 INFO     ___FILE_ONLY___ ═
2024-10-08 13:25:24,843 INFO     ___FILE_ONLY___ ═
2024-10-08 13:25:24,845 INFO     ___FILE_ONLY___ ═
2024-10-08 13:25:24,847 INFO     ___FILE_ONLY___ ═
2024-10-08 13:25:24,849 INFO     ___FILE_ONLY___ ═
2024-10-08 13:25:24,851 INFO     ___FILE_ONLY___ ═
2024-10-08 13:25:24,854 INFO     ___FILE_ONLY___ ═
2024-10-08 13:25:24,859 INFO     ___FILE_ONLY___ ═
2024-10-08 13:25:24,867 INFO     ___FILE_ONLY___ ═
2024-10-08 13:25:24,869 INFO     ___FILE_ONLY___ ═
2024-10-08 13:25:24,871 INFO     ___FILE_ONLY___ ═
2024-10-08 13:25:24,877 INFO     ___FILE_ONLY___ ═
2024-10-08 13:25:24,879 INFO     ___FILE_ONLY___ ═
2024-10-08 13:25:24,882 INFO     ___FILE_ONLY___ ═
2024-10-08 13:25:24,884 INFO     ___FILE_ONLY___ ═
2024-10-08 13:25:24,888 INFO     ___FILE_ONLY___ ═
2024-10-08 13:25:24,891 INFO     ___FILE_ONLY___ ═
2024-10-08 13:25:24,894 INFO     ___FILE_ONLY___ ═
2024-10-08 13:25:24,896 INFO     ___FILE_ONLY___ ═
2024-10-08 13:25:24,898 INFO     ___FILE_ONLY___ ═
2024-10-08 13:25:24,901 INFO     ___FILE_ONLY___ ═
2024-10-08 13:25:24,903 INFO     ___FILE_ONLY___ ═
2024-10-08 13:25:24,906 INFO     ___FILE_ONLY___ ═
2024-10-08 13:25:24,908 INFO     ___FILE_ONLY___ ═
2024-10-08 13:25:24,910 INFO     ___FILE_ONLY___ ═
2024-10-08 13:25:24,912 INFO     ___FILE_ONLY___ ═
2024-10-08 13:25:24,914 INFO     ___FILE_ONLY___ ═
2024-10-08 13:25:24,916 INFO     ___FILE_ONLY___ ═
2024-10-08 13:25:24,919 INFO     ___FILE_ONLY___ ═
2024-10-08 13:25:24,921 INFO     ___FILE_ONLY___ ═
2024-10-08 13:25:24,923 INFO     ___FILE_ONLY___ ═
2024-10-08 13:25:24,925 INFO     ___FILE_ONLY___ ═
2024-10-08 13:25:24,927 INFO     ___FILE_ONLY___ ═
2024-10-08 13:25:24,930 INFO     ___FILE_ONLY___ ═
2024-10-08 13:25:24,930 INFO     ___FILE_ONLY___ ╝

2024-10-08 13:25:24,943 INFO     ___FILE_ONLY___ ╔════════════════════════════════════════════════════════════╗

2024-10-08 13:25:24,943 INFO     ___FILE_ONLY___ ╠═ Installing: BigQuery Command Line Tool (Platform Spec... ═╣

2024-10-08 13:25:24,943 INFO     ___FILE_ONLY___ ╚
2024-10-08 13:25:24,944 INFO     ___FILE_ONLY___ ════════════════════════════════════════════════════════════
2024-10-08 13:25:24,944 INFO     ___FILE_ONLY___ ╝

2024-10-08 13:25:24,951 INFO     ___FILE_ONLY___ ╔════════════════════════════════════════════════════════════╗

2024-10-08 13:25:24,951 INFO     ___FILE_ONLY___ ╠═ Installing: Bundled Python 3.11                          ═╣

2024-10-08 13:25:24,951 INFO     ___FILE_ONLY___ ╚
2024-10-08 13:25:24,955 INFO     ___FILE_ONLY___ ════════════════════════════════════════════════════════════
2024-10-08 13:25:24,956 INFO     ___FILE_ONLY___ ╝

2024-10-08 13:25:24,958 INFO     ___FILE_ONLY___ ╔════════════════════════════════════════════════════════════╗

2024-10-08 13:25:24,958 INFO     ___FILE_ONLY___ ╠═ Installing: Bundled Python 3.11 (Platform Specific)      ═╣

2024-10-08 13:25:24,958 INFO     ___FILE_ONLY___ ╚
2024-10-08 13:25:27,106 INFO     ___FILE_ONLY___ ═
2024-10-08 13:25:27,121 INFO     ___FILE_ONLY___ ═
2024-10-08 13:25:27,135 INFO     ___FILE_ONLY___ ═
2024-10-08 13:25:27,148 INFO     ___FILE_ONLY___ ═
2024-10-08 13:25:27,160 INFO     ___FILE_ONLY___ ═
2024-10-08 13:25:27,173 INFO     ___FILE_ONLY___ ═
2024-10-08 13:25:27,186 INFO     ___FILE_ONLY___ ═
2024-10-08 13:25:27,199 INFO     ___FILE_ONLY___ ═
2024-10-08 13:25:27,212 INFO     ___FILE_ONLY___ ═
2024-10-08 13:25:27,225 INFO     ___FILE_ONLY___ ═
2024-10-08 13:25:27,237 INFO     ___FILE_ONLY___ ═
2024-10-08 13:25:27,249 INFO     ___FILE_ONLY___ ═
2024-10-08 13:25:27,261 INFO     ___FILE_ONLY___ ═
2024-10-08 13:25:27,274 INFO     ___FILE_ONLY___ ═
2024-10-08 13:25:27,286 INFO     ___FILE_ONLY___ ═
2024-10-08 13:25:27,299 INFO     ___FILE_ONLY___ ═
2024-10-08 13:25:27,312 INFO     ___FILE_ONLY___ ═
2024-10-08 13:25:27,324 INFO     ___FILE_ONLY___ ═
2024-10-08 13:25:27,337 INFO     ___FILE_ONLY___ ═
2024-10-08 13:25:27,349 INFO     ___FILE_ONLY___ ═
2024-10-08 13:25:27,361 INFO     ___FILE_ONLY___ ═
2024-10-08 13:25:27,374 INFO     ___FILE_ONLY___ ═
2024-10-08 13:25:27,386 INFO     ___FILE_ONLY___ ═
2024-10-08 13:25:27,398 INFO     ___FILE_ONLY___ ═
2024-10-08 13:25:27,410 INFO     ___FILE_ONLY___ ═
2024-10-08 13:25:27,423 INFO     ___FILE_ONLY___ ═
2024-10-08 13:25:27,435 INFO     ___FILE_ONLY___ ═
2024-10-08 13:25:27,448 INFO     ___FILE_ONLY___ ═
2024-10-08 13:25:27,461 INFO     ___FILE_ONLY___ ═
2024-10-08 13:25:27,473 INFO     ___FILE_ONLY___ ═
2024-10-08 13:25:27,484 INFO     ___FILE_ONLY___ ═
2024-10-08 13:25:27,497 INFO     ___FILE_ONLY___ ═
2024-10-08 13:25:27,509 INFO     ___FILE_ONLY___ ═
2024-10-08 13:25:27,521 INFO     ___FILE_ONLY___ ═
2024-10-08 13:25:27,534 INFO     ___FILE_ONLY___ ═
2024-10-08 13:25:27,546 INFO     ___FILE_ONLY___ ═
2024-10-08 13:25:28,292 INFO     ___FILE_ONLY___ ═
2024-10-08 13:25:28,320 INFO     ___FILE_ONLY___ ═
2024-10-08 13:25:28,345 INFO     ___FILE_ONLY___ ═
2024-10-08 13:25:28,365 INFO     ___FILE_ONLY___ ═
2024-10-08 13:25:28,386 INFO     ___FILE_ONLY___ ═
2024-10-08 13:25:28,524 INFO     ___FILE_ONLY___ ═
2024-10-08 13:25:28,552 INFO     ___FILE_ONLY___ ═
2024-10-08 13:25:28,571 INFO     ___FILE_ONLY___ ═
2024-10-08 13:25:28,588 INFO     ___FILE_ONLY___ ═
2024-10-08 13:25:28,606 INFO     ___FILE_ONLY___ ═
2024-10-08 13:25:28,635 INFO     ___FILE_ONLY___ ═
2024-10-08 13:25:28,657 INFO     ___FILE_ONLY___ ═
2024-10-08 13:25:28,675 INFO     ___FILE_ONLY___ ═
2024-10-08 13:25:28,690 INFO     ___FILE_ONLY___ ═
2024-10-08 13:25:28,784 INFO     ___FILE_ONLY___ ═
2024-10-08 13:25:28,803 INFO     ___FILE_ONLY___ ═
2024-10-08 13:25:28,823 INFO     ___FILE_ONLY___ ═
2024-10-08 13:25:28,842 INFO     ___FILE_ONLY___ ═
2024-10-08 13:25:28,888 INFO     ___FILE_ONLY___ ═
2024-10-08 13:25:29,264 INFO     ___FILE_ONLY___ ═
2024-10-08 13:25:29,281 INFO     ___FILE_ONLY___ ═
2024-10-08 13:25:29,303 INFO     ___FILE_ONLY___ ═
2024-10-08 13:25:29,321 INFO     ___FILE_ONLY___ ═
2024-10-08 13:25:29,686 INFO     ___FILE_ONLY___ ═
2024-10-08 13:25:29,686 INFO     ___FILE_ONLY___ ╝

2024-10-08 13:25:29,763 INFO     ___FILE_ONLY___ ╔════════════════════════════════════════════════════════════╗

2024-10-08 13:25:29,763 INFO     ___FILE_ONLY___ ╠═ Installing: Cloud Storage Command Line Tool              ═╣

2024-10-08 13:25:29,763 INFO     ___FILE_ONLY___ ╚
2024-10-08 13:25:30,403 INFO     ___FILE_ONLY___ ═
2024-10-08 13:25:30,415 INFO     ___FILE_ONLY___ ═
2024-10-08 13:25:30,429 INFO     ___FILE_ONLY___ ═
2024-10-08 13:25:30,461 INFO     ___FILE_ONLY___ ═
2024-10-08 13:25:30,479 INFO     ___FILE_ONLY___ ═
2024-10-08 13:25:30,497 INFO     ___FILE_ONLY___ ═
2024-10-08 13:25:30,511 INFO     ___FILE_ONLY___ ═
2024-10-08 13:25:30,538 INFO     ___FILE_ONLY___ ═
2024-10-08 13:25:30,551 INFO     ___FILE_ONLY___ ═
2024-10-08 13:25:30,561 INFO     ___FILE_ONLY___ ═
2024-10-08 13:25:30,572 INFO     ___FILE_ONLY___ ═
2024-10-08 13:25:30,611 INFO     ___FILE_ONLY___ ═
2024-10-08 13:25:30,622 INFO     ___FILE_ONLY___ ═
2024-10-08 13:25:30,634 INFO     ___FILE_ONLY___ ═
2024-10-08 13:25:30,647 INFO     ___FILE_ONLY___ ═
2024-10-08 13:25:30,656 INFO     ___FILE_ONLY___ ═
2024-10-08 13:25:30,665 INFO     ___FILE_ONLY___ ═
2024-10-08 13:25:30,676 INFO     ___FILE_ONLY___ ═
2024-10-08 13:25:30,685 INFO     ___FILE_ONLY___ ═
2024-10-08 13:25:30,696 INFO     ___FILE_ONLY___ ═
2024-10-08 13:25:30,706 INFO     ___FILE_ONLY___ ═
2024-10-08 13:25:30,715 INFO     ___FILE_ONLY___ ═
2024-10-08 13:25:30,725 INFO     ___FILE_ONLY___ ═
2024-10-08 13:25:30,738 INFO     ___FILE_ONLY___ ═
2024-10-08 13:25:30,748 INFO     ___FILE_ONLY___ ═
2024-10-08 13:25:30,760 INFO     ___FILE_ONLY___ ═
2024-10-08 13:25:30,774 INFO     ___FILE_ONLY___ ═
2024-10-08 13:25:30,793 INFO     ___FILE_ONLY___ ═
2024-10-08 13:25:30,812 INFO     ___FILE_ONLY___ ═
2024-10-08 13:25:30,838 INFO     ___FILE_ONLY___ ═
2024-10-08 13:25:30,851 INFO     ___FILE_ONLY___ ═
2024-10-08 13:25:30,863 INFO     ___FILE_ONLY___ ═
2024-10-08 13:25:30,873 INFO     ___FILE_ONLY___ ═
2024-10-08 13:25:30,889 INFO     ___FILE_ONLY___ ═
2024-10-08 13:25:30,899 INFO     ___FILE_ONLY___ ═
2024-10-08 13:25:30,911 INFO     ___FILE_ONLY___ ═
2024-10-08 13:25:30,926 INFO     ___FILE_ONLY___ ═
2024-10-08 13:25:30,941 INFO     ___FILE_ONLY___ ═
2024-10-08 13:25:30,955 INFO     ___FILE_ONLY___ ═
2024-10-08 13:25:30,973 INFO     ___FILE_ONLY___ ═
2024-10-08 13:25:30,987 INFO     ___FILE_ONLY___ ═
2024-10-08 13:25:30,998 INFO     ___FILE_ONLY___ ═
2024-10-08 13:25:31,009 INFO     ___FILE_ONLY___ ═
2024-10-08 13:25:31,023 INFO     ___FILE_ONLY___ ═
2024-10-08 13:25:31,038 INFO     ___FILE_ONLY___ ═
2024-10-08 13:25:31,052 INFO     ___FILE_ONLY___ ═
2024-10-08 13:25:31,067 INFO     ___FILE_ONLY___ ═
2024-10-08 13:25:31,079 INFO     ___FILE_ONLY___ ═
2024-10-08 13:25:31,094 INFO     ___FILE_ONLY___ ═
2024-10-08 13:25:31,107 INFO     ___FILE_ONLY___ ═
2024-10-08 13:25:31,118 INFO     ___FILE_ONLY___ ═
2024-10-08 13:25:31,129 INFO     ___FILE_ONLY___ ═
2024-10-08 13:25:31,140 INFO     ___FILE_ONLY___ ═
2024-10-08 13:25:31,151 INFO     ___FILE_ONLY___ ═
2024-10-08 13:25:31,161 INFO     ___FILE_ONLY___ ═
2024-10-08 13:25:31,171 INFO     ___FILE_ONLY___ ═
2024-10-08 13:25:31,180 INFO     ___FILE_ONLY___ ═
2024-10-08 13:25:31,201 INFO     ___FILE_ONLY___ ═
2024-10-08 13:25:31,218 INFO     ___FILE_ONLY___ ═
2024-10-08 13:25:31,236 INFO     ___FILE_ONLY___ ═
2024-10-08 13:25:31,236 INFO     ___FILE_ONLY___ ╝

2024-10-08 13:25:31,289 INFO     ___FILE_ONLY___ ╔════════════════════════════════════════════════════════════╗

2024-10-08 13:25:31,289 INFO     ___FILE_ONLY___ ╠═ Installing: Cloud Storage Command Line Tool (Platform... ═╣

2024-10-08 13:25:31,289 INFO     ___FILE_ONLY___ ╚
2024-10-08 13:25:31,290 INFO     ___FILE_ONLY___ ════════════════════════════════════════════════════════════
2024-10-08 13:25:31,290 INFO     ___FILE_ONLY___ ╝

2024-10-08 13:25:31,297 INFO     ___FILE_ONLY___ ╔════════════════════════════════════════════════════════════╗

2024-10-08 13:25:31,297 INFO     ___FILE_ONLY___ ╠═ Installing: Default set of gcloud commands               ═╣

2024-10-08 13:25:31,297 INFO     ___FILE_ONLY___ ╚
2024-10-08 13:25:31,301 INFO     ___FILE_ONLY___ ════════════════════════════════════════════════════════════
2024-10-08 13:25:31,301 INFO     ___FILE_ONLY___ ╝

2024-10-08 13:25:31,303 INFO     ___FILE_ONLY___ ╔════════════════════════════════════════════════════════════╗

2024-10-08 13:25:31,303 INFO     ___FILE_ONLY___ ╠═ Installing: Google Cloud CLI Core Libraries (Platform... ═╣

2024-10-08 13:25:31,304 INFO     ___FILE_ONLY___ ╚
2024-10-08 13:25:31,305 INFO     ___FILE_ONLY___ ══════════════════════════════
2024-10-08 13:25:31,305 INFO     ___FILE_ONLY___ ══════════════════════════════
2024-10-08 13:25:31,305 INFO     ___FILE_ONLY___ ╝

2024-10-08 13:25:31,311 INFO     ___FILE_ONLY___ ╔════════════════════════════════════════════════════════════╗

2024-10-08 13:25:31,312 INFO     ___FILE_ONLY___ ╠═ Installing: Google Cloud CRC32C Hash Tool                ═╣

2024-10-08 13:25:31,312 INFO     ___FILE_ONLY___ ╚
2024-10-08 13:25:31,316 INFO     ___FILE_ONLY___ ════════════════════════════════════════════════════════════
2024-10-08 13:25:31,316 INFO     ___FILE_ONLY___ ╝

2024-10-08 13:25:31,318 INFO     ___FILE_ONLY___ ╔════════════════════════════════════════════════════════════╗

2024-10-08 13:25:31,318 INFO     ___FILE_ONLY___ ╠═ Installing: Google Cloud CRC32C Hash Tool (Platform S... ═╣

2024-10-08 13:25:31,318 INFO     ___FILE_ONLY___ ╚
2024-10-08 13:25:31,354 INFO     ___FILE_ONLY___ ══════════════════════════════
2024-10-08 13:25:31,354 INFO     ___FILE_ONLY___ ══════════════════════════════
2024-10-08 13:25:31,354 INFO     ___FILE_ONLY___ ╝

2024-10-08 13:25:31,361 INFO     ___FILE_ONLY___ ╔════════════════════════════════════════════════════════════╗

2024-10-08 13:25:31,361 INFO     ___FILE_ONLY___ ╠═ Installing: gcloud cli dependencies (Platform Specific)  ═╣

2024-10-08 13:25:31,362 INFO     ___FILE_ONLY___ ╚
2024-10-08 13:25:31,362 INFO     ___FILE_ONLY___ ════════════════════════════════════════════════════════════
2024-10-08 13:25:31,362 INFO     ___FILE_ONLY___ ╝

2024-10-08 13:25:31,370 DEBUG    root            Updating notification cache...
2024-10-08 13:25:31,370 INFO     ___FILE_ONLY___ 

2024-10-08 13:25:31,372 INFO     ___FILE_ONLY___ Performing post processing steps...
2024-10-08 13:25:31,373 DEBUG    root            Executing command: ['/tools/google-cloud-sdk/bin/gcloud', 'components', 'post-process']
2024-10-08 13:25:42,434 DEBUG    ___FILE_ONLY___ 
2024-10-08 13:25:42,434 DEBUG    ___FILE_ONLY___ 
2024-10-08 13:25:42,682 INFO     ___FILE_ONLY___ 
Update done!


2024-10-08 13:25:42,685 DEBUG    root            Chosen display Format:none
2024-10-08 13:25:42,685 INFO     root            Display format: "none"
